warning: C:\Users\Trinity\Documents\daydream\Ask_Pete\crates\ask_pete_client\Cargo.toml: unused manifest key: dependencies.tokio.getrandom
warning: unused import: `chrono::Utc`
 --> crates\ask_pete_core\src\reflection.rs:4:5
  |
4 | use chrono::Utc;
  |     ^^^^^^^^^^^
  |
  = note: `#[warn(unused_imports)]` (part of `#[warn(unused)]`) on by default

warning: unused variable: `pool`
  --> crates\ask_pete_core\src\reflection.rs:17:5
   |
17 |     pool: &PgPool,
   |     ^^^^ help: if this is intentional, prefix it with an underscore: `_pool`
   |
   = note: `#[warn(unused_variables)]` (part of `#[warn(unused)]`) on by default

warning: unused variable: `user_id`
  --> crates\ask_pete_core\src\reflection.rs:18:5
   |
18 |     user_id: i64,
   |     ^^^^^^^ help: if this is intentional, prefix it with an underscore: `_user_id`

warning: unused variable: `challenge_name`
  --> crates\ask_pete_core\src\reflection.rs:19:5
   |
19 |     challenge_name: &...
   |     ^^^^^^^^^^^^^^ help: if this is intentional, prefix it with an underscore: `_challenge_name`

warning: unused variable: `reflection_text`
  --> crates\ask_pete_core\src\reflection.rs:20:5
   |
20 |     reflection_text: &...
   |     ^^^^^^^^^^^^^^^ help: if this is intentional, prefix it with an underscore: `_reflection_text`

warning: `ask_pete_core` (lib) generated 5 warnings (run `cargo fix --lib -p ask_pete_core` to apply 1 suggestion)
    Checking ask_pete_server v0.1.0 (C:\Users\Trinity\Documents\daydream\Ask_Pete\crates\ask_pete_server)
error: #[derive(RustEmbed)] folder 'C:\Users\Trinity\Documents\daydream\Ask_Pete\crates\ask_pete_server\../../frontend/dist_new' does not exist. cwd: 'C:\Users\Trinity\Documents\daydream\Ask_Pete'
 --> crates\ask_pete_server\src\static_assets.rs:4:1
  |
4 | / #[folder = "../../frontend/dist_new"]
5 | | pub struct Assets;
  | |__________________^

error[E0432]: unresolved import `infra_ai::llm::GenerationConfig`
  --> crates\ask_pete_server\src\ai\llm\gemma_engine.rs:3:5
   |
 3 | use infra_ai::llm::GenerationConfig;
   |     ^^^^^^^^^^^^^^^^^^^^^^^^^^^^^^^ no `GenerationConfig` in `llm`
   |
note: struct `crate::ai::llm::gemini_client::GenerationConfig` exists but is inaccessible
  --> crates\ask_pete_server\src\ai\llm\gemini_client.rs:45:1
   |
45 | struct GenerationConfig {
   | ^^^^^^^^^^^^^^^^^^^^^^^ not accessible
help: consider importing one of these structs instead
   |
 3 | use infra_ai::llm::gemma_engine::GenerationConfig;
   |                    ++++++++++++++
 3 - use infra_ai::llm::GenerationConfig;
 3 + use infra_ai::local_inference::GenerationConfig;
   |

error[E0432]: unresolved import `infra_ai::llm::GenerationConfig`
  --> crates\ask_pete_server\src\ai\llm\llama_engine.rs:3:5
   |
 3 | use infra_ai::llm::GenerationConfig;
   |     ^^^^^^^^^^^^^^^^^^^^^^^^^^^^^^^ no `GenerationConfig` in `llm`
   |
note: struct `crate::ai::llm::gemini_client::GenerationConfig` exists but is inaccessible
  --> crates\ask_pete_server\src\ai\llm\gemini_client.rs:45:1
   |
45 | struct GenerationConfig {
   | ^^^^^^^^^^^^^^^^^^^^^^^ not accessible
help: consider importing one of these structs instead
   |
 3 | use infra_ai::llm::gemma_engine::GenerationConfig;
   |                    ++++++++++++++
 3 - use infra_ai::llm::GenerationConfig;
 3 + use infra_ai::local_inference::GenerationConfig;
   |

error[E0432]: unresolved import `crate::handlers::character`
 --> crates\ask_pete_server\src\routes\character_routes.rs:1:22
  |
1 | use crate::handlers::character::create_character;
  |                      ^^^^^^^^^ could not find `character` in `handlers`

error[E0432]: unresolved import `leptos::LeptosOptions`
 --> crates\ask_pete_server\src\state.rs:8:5
  |
8 | use leptos::LeptosOptions;
  |     ^^^^^^^^^^^^^^^^^^^^^ no `LeptosOptions` in the root
  |
help: consider importing one of these structs instead
  |
8 - use leptos::LeptosOptions;
8 + use crate::LeptosOptions;
  |
8 | use leptos::prelude::LeptosOptions;
  |             +++++++++

error[E0432]: unresolved imports `domain_physics::components::CargoHold`, `domain_physics::components::FuelTank`, `domain_physics::components::LocomotiveBundle`, `domain_physics::components::LocomotiveStats`, `domain_physics::components::Player`, `domain_physics::components::QuestCommandInbox`, `domain_physics::components::StallEvent`, `domain_physics::components::StartQuestEvent`, `domain_physics::components::TrackGradient`
  --> crates\ask_pete_server\src\main.rs:57:30
   |
57 |     Archetype, AskPeteEvent, CargoHold, CognitiveLoad, DownloadCommandInbox, DownloadProgressEvent,
   |                              ^^^^^^^^^ no `CargoHold` in `components`
58 |     FuelTank, Location, LocomotiveBundle, LocomotiveStats, Persona, PeteCommandInbox,
   |     ^^^^^^^^            ^^^^^^^^^^^^^^^^  ^^^^^^^^^^^^^^^ no `LocomotiveStats` in `components`
   |     |                   |
   |     |                   no `LocomotiveBundle` in `components`
   |     no `FuelTank` in `components`
59 |     PeteResponseEvent, PeteResponseOutbox, PhysicsState, PlayWhistleEvent, Player,
   |                                                                            ^^^^^^ no `Player` in `components`
60 |     QuestCommandInbox, ResearchLog, SharedCampaignStateResource, SharedDownloadStateResource,
   |     ^^^^^^^^^^^^^^^^^
   |     |
   |     no `QuestCommandInbox` in `components`
   |     help: a similar name exists in the module: `PeteCommandInbox`
61 |     SharedPhysicsResource, SharedResearchLogResource, SharedStoryProgressResource,
62 |     SharedVirtuesResource, StallEvent, StartDownloadEvent, StartQuestEvent, StoryProgress,
   |                            ^^^^^^^^^^                      ^^^^^^^^^^^^^^^ no `StartQuestEvent` in `components`
   |                            |
   |                            no `StallEvent` in `components`
63 |     StudentMiles, TrackGradient, TrainVelocity, VirtueTopology, VoteInbox,
   |                   ^^^^^^^^^^^^^ no `TrackGradient` in `components`

error[E0432]: unresolved imports `infra_ai::local_inference::LocalConfigWrapper`, `infra_ai::local_inference::LocalModel`
  --> crates\ask_pete_server\src\main.rs:67:33
   |
67 | use infra_ai::local_inference::{LocalConfigWrapper, LocalModel};
   |                                 ^^^^^^^^^^^^^^^^^^  ^^^^^^^^^^ no `LocalModel` in `local_inference`
   |                                 |
   |                                 no `LocalConfigWrapper` in `local_inference`
   |                                 help: a similar name exists in the module: `GemmaConfigWrapper`
   |
   = help: consider importing this struct instead:
           infra_ai::LocalConfigWrapper
   = help: consider importing this struct instead:
           infra_ai::LocalModel

error[E0432]: unresolved import `leptos::get_configuration`
  --> crates\ask_pete_server\src\main.rs:70:5
   |
70 | use leptos::get_configuration;
   |     ^^^^^^^^^^^^^^^^^^^^^^^^^ no `get_configuration` in the root

error[E0433]: failed to resolve: could not find `quest` in `handlers`
   --> crates\ask_pete_server\src\main.rs:486:50
    |
486 |             axum::routing::post(crate::handlers::quest::start_quest),
    |                                                  ^^^^^ could not find `quest` in `handlers`

error[E0433]: failed to resolve: could not find `quest` in `handlers`
   --> crates\ask_pete_server\src\main.rs:490:50
    |
490 |             axum::routing::post(crate::handlers::quest::complete_quest),
    |                                                  ^^^^^ could not find `quest` in `handlers`

error[E0412]: cannot find type `GemmaModel` in crate `infra_ai`
  --> crates\ask_pete_server\src\handlers\weigh_station.rs:31:24
   |
31 |         llm: infra_ai::GemmaModel,
   |                        ^^^^^^^^^^ not found in `infra_ai`
   |
help: consider importing one of these structs
   |
 1 + use crate::ai::llm::GemmaModel;
   |
 1 + use infra_ai::llm::GemmaModel;
   |
 1 + use infra_ai::local_inference::GemmaModel;
   |
help: if you import `GemmaModel`, refer to it directly
   |
31 -         llm: infra_ai::GemmaModel,
31 +         llm: GemmaModel,
   |

error[E0425]: cannot find value `sync_quest_inbox` in this scope
   --> crates\ask_pete_server\src\main.rs:136:13
    |
136 |               sync_quest_inbox,
    |               ^^^^^^^^^^^^^^^^ help: a function with a similar name exists: `sync_vote_inbox`
    |
   ::: C:\Users\Trinity\Documents\daydream\Ask_Pete\crates\ask_pete_physics\src\systems.rs:362:1
    |
362 | / pub fn sync_vote_inbox(
363 | |     inbox: Res<crate::components::VoteInbox>,
364 | |     mut event_writer: EventWriter<crate::components::VoteEvent>,
365 | | ) {
    | |_- similarly named function `sync_vote_inbox` defined here

error[E0425]: cannot find value `handle_start_quest` in this scope
   --> crates\ask_pete_server\src\main.rs:137:13
    |
137 |             handle_start_quest,
    |             ^^^^^^^^^^^^^^^^^^ not found in this scope

error[E0308]: mismatched types
  --> crates\ask_pete_server\src\handlers\player.rs:40:35
   |
40 |         character.learned_vocab = progress.learned_vocab.clone();
   |         -----------------------   ^^^^^^^^^^^^^^^^^^^^^^^^^^^^^^ expected `HashSet<String>`, found `Vec<String>`
   |         |
   |         expected due to the type of this binding
   |
   = note: expected struct `std::collections::HashSet<std::string::String>`
              found struct `std::vec::Vec<std::string::String>`

error[E0599]: the function or associated item `get` exists for struct `static_assets::Assets`, but its trait bounds were not satisfied
   --> crates\ask_pete_server\src\main.rs:199:25
    |
199 |     match StaticAssets::get(&path) {
    |                         ^^^ function or associated item cannot be called on `static_assets::Assets` due to unsatisfied trait bounds
    |
   ::: crates\ask_pete_server\src\static_assets.rs:5:1
    |
  5 | pub struct Assets;
    | ----------------- doesn't satisfy 5 bounds
    |
    = note: the following trait bounds were not satisfied:
            `static_assets::Assets: leptos::prelude::With`
            which is required by `static_assets::Assets: leptos::prelude::Get`
            `static_assets::Assets: leptos::prelude::Read`
            which is required by `static_assets::Assets: leptos::prelude::Get`
            `static_assets::Assets: leptos::prelude::Track`
            which is required by `static_assets::Assets: leptos::prelude::Get`
            `static_assets::Assets: ReadUntracked`
            which is required by `static_assets::Assets: leptos::prelude::Get`
            `&static_assets::Assets: leptos::prelude::With`
            which is required by `&static_assets::Assets: leptos::prelude::Get`
            `&static_assets::Assets: leptos::prelude::Read`
            which is required by `&static_assets::Assets: leptos::prelude::Get`
            `&static_assets::Assets: leptos::prelude::Track`
            which is required by `&static_assets::Assets: leptos::prelude::Get`
            `&static_assets::Assets: ReadUntracked`
            which is required by `&static_assets::Assets: leptos::prelude::Get`
            `&mut static_assets::Assets: leptos::prelude::With`
            which is required by `&mut static_assets::Assets: leptos::prelude::Get`
            `&mut static_assets::Assets: leptos::prelude::Read`
            which is required by `&mut static_assets::Assets: leptos::prelude::Get`
            `&mut static_assets::Assets: leptos::prelude::Track`
            which is required by `&mut static_assets::Assets: leptos::prelude::Get`
            `&mut static_assets::Assets: ReadUntracked`
            which is required by `&mut static_assets::Assets: leptos::prelude::Get`
note: the traits `ReadUntracked`, `leptos::prelude::Read`, `leptos::prelude::Track`,  and `leptos::prelude::With` must be implemented
   --> C:\Users\Trinity\.cargo\registry\src\index.crates.io-1949cf8c6b5b557f\reactive_graph-0.2.11\src\traits.rs:104:1
    |
104 | pub trait Track {
    | ^^^^^^^^^^^^^^^
...
156 | pub trait ReadUntracked: Sized + DefinedAt {
    | ^^^^^^^^^^^^^^^^^^^^^^^^^^^^^^^^^^^^^^^^^^
...
186 | pub trait Read: DefinedAt {
    | ^^^^^^^^^^^^^^^^^^^^^^^^^
...
313 | pub trait With: DefinedAt {
    | ^^^^^^^^^^^^^^^^^^^^^^^^^
    = help: items from traits can only be used if the trait is implemented and in scope
    = note: the following traits define an item `get`, perhaps you need to implement one of them:
            candidate #1: `RustEmbed`
            candidate #2: `SliceIndex`
            candidate #3: `antlr_rust::token_stream::TokenStream`
            candidate #4: `bevy::reflect::Array`
            candidate #5: `bevy::reflect::List`
            candidate #6: `bevy::reflect::Map`
            candidate #7: `bevy_reflect::array::Array`
            candidate #8: `bevy_reflect::list::List`
            candidate #9: `bevy_reflect::map::Map`
            candidate #10: `bevy_yarnspinner::prelude::VariableStorage`
            candidate #11: `candle_nn::var_builder::Backend`
            candidate #12: `candle_nn::var_builder::SimpleBackend`
            candidate #13: `icu_collections::codepointtrie::cptrie::TypedCodePointTrie`
            candidate #14: `icu_properties::names::PropertyEnumToValueNameLookup`
            candidate #15: `icu_provider::baked::DataStore`
            candidate #16: `itertools::Itertools`
            candidate #17: `leptos::prelude::Get`
            candidate #18: `leptos::prelude::OptionTextPropExt`
            candidate #19: `rustls::server::server_conn::StoresServerSessions`
            candidate #20: `rustls::server::server_conn::StoresServerSessions`
            candidate #21: `sqlx::Row`
            candidate #22: `toml_parser::source::SourceIndex`
            candidate #23: `yarnspinner_runtime::variable_storage::VariableStorage`

error[E0599]: the function or associated item `get` exists for struct `static_assets::Assets`, but its trait bounds were not satisfied
   --> crates\ask_pete_server\src\main.rs:213:33
    |
213 |             match StaticAssets::get("index.html") {
    |                                 ^^^ function or associated item cannot be called on `static_assets::Assets` due to unsatisfied trait bounds
    |
   ::: crates\ask_pete_server\src\static_assets.rs:5:1
    |
  5 | pub struct Assets;
    | ----------------- doesn't satisfy 5 bounds
    |
    = note: the following trait bounds were not satisfied:
            `static_assets::Assets: leptos::prelude::With`
            which is required by `static_assets::Assets: leptos::prelude::Get`
            `static_assets::Assets: leptos::prelude::Read`
            which is required by `static_assets::Assets: leptos::prelude::Get`
            `static_assets::Assets: leptos::prelude::Track`
            which is required by `static_assets::Assets: leptos::prelude::Get`
            `static_assets::Assets: ReadUntracked`
            which is required by `static_assets::Assets: leptos::prelude::Get`
            `&static_assets::Assets: leptos::prelude::With`
            which is required by `&static_assets::Assets: leptos::prelude::Get`
            `&static_assets::Assets: leptos::prelude::Read`
            which is required by `&static_assets::Assets: leptos::prelude::Get`
            `&static_assets::Assets: leptos::prelude::Track`
            which is required by `&static_assets::Assets: leptos::prelude::Get`
            `&static_assets::Assets: ReadUntracked`
            which is required by `&static_assets::Assets: leptos::prelude::Get`
            `&mut static_assets::Assets: leptos::prelude::With`
            which is required by `&mut static_assets::Assets: leptos::prelude::Get`
            `&mut static_assets::Assets: leptos::prelude::Read`
            which is required by `&mut static_assets::Assets: leptos::prelude::Get`
            `&mut static_assets::Assets: leptos::prelude::Track`
            which is required by `&mut static_assets::Assets: leptos::prelude::Get`
            `&mut static_assets::Assets: ReadUntracked`
            which is required by `&mut static_assets::Assets: leptos::prelude::Get`
note: the traits `ReadUntracked`, `leptos::prelude::Read`, `leptos::prelude::Track`,  and `leptos::prelude::With` must be implemented
   --> C:\Users\Trinity\.cargo\registry\src\index.crates.io-1949cf8c6b5b557f\reactive_graph-0.2.11\src\traits.rs:104:1
    |
104 | pub trait Track {
    | ^^^^^^^^^^^^^^^
...
156 | pub trait ReadUntracked: Sized + DefinedAt {
    | ^^^^^^^^^^^^^^^^^^^^^^^^^^^^^^^^^^^^^^^^^^
...
186 | pub trait Read: DefinedAt {
    | ^^^^^^^^^^^^^^^^^^^^^^^^^
...
313 | pub trait With: DefinedAt {
    | ^^^^^^^^^^^^^^^^^^^^^^^^^
    = help: items from traits can only be used if the trait is implemented and in scope
    = note: the following traits define an item `get`, perhaps you need to implement one of them:
            candidate #1: `RustEmbed`
            candidate #2: `SliceIndex`
            candidate #3: `antlr_rust::token_stream::TokenStream`
            candidate #4: `bevy::reflect::Array`
            candidate #5: `bevy::reflect::List`
            candidate #6: `bevy::reflect::Map`
            candidate #7: `bevy_reflect::array::Array`
            candidate #8: `bevy_reflect::list::List`
            candidate #9: `bevy_reflect::map::Map`
            candidate #10: `bevy_yarnspinner::prelude::VariableStorage`
            candidate #11: `candle_nn::var_builder::Backend`
            candidate #12: `candle_nn::var_builder::SimpleBackend`
            candidate #13: `icu_collections::codepointtrie::cptrie::TypedCodePointTrie`
            candidate #14: `icu_properties::names::PropertyEnumToValueNameLookup`
            candidate #15: `icu_provider::baked::DataStore`
            candidate #16: `itertools::Itertools`
            candidate #17: `leptos::prelude::Get`
            candidate #18: `leptos::prelude::OptionTextPropExt`
            candidate #19: `rustls::server::server_conn::StoresServerSessions`
            candidate #20: `rustls::server::server_conn::StoresServerSessions`
            candidate #21: `sqlx::Row`
            candidate #22: `toml_parser::source::SourceIndex`
            candidate #23: `yarnspinner_runtime::variable_storage::VariableStorage`

error[E0308]: mismatched types
  --> crates\ask_pete_server\src\domain\game_logic.rs:62:36
   |
62 |         player_dto.learned_vocab = progress.learned_vocab.clone();
   |         ------------------------   ^^^^^^^^^^^^^^^^^^^^^^^^^^^^^^ expected `HashSet<String>`, found `Vec<String>`
   |         |
   |         expected due to the type of this binding
   |
   = note: expected struct `std::collections::HashSet<std::string::String>`
              found struct `std::vec::Vec<std::string::String>`

error[E0277]: the trait bound `bevy_yarnspinner::prelude::YarnSpinnerPlugin: Plugins<_>` is not satisfied
   --> crates\ask_pete_server\src\main.rs:89:21
    |
 89 |     app.add_plugins(YarnSpinnerPlugin::new());
    |         ----------- ^^^^^^^^^^^^^^^^^^^^^^^^ the trait `bevy_app::plugin::sealed::Plugins<_>` is not implemented for `bevy_yarnspinner::prelude::YarnSpinnerPlugin`
    |         |
    |         required by a bound introduced by this call
    |
help: trait impls with same name found
   --> C:\Users\Trinity\.cargo\registry\src\index.crates.io-1949cf8c6b5b557f\bevy_app-0.14.2\src\plugin.rs:154:5
    |
154 |     impl<P: Plugin> Plugins<PluginMarker> for P {
    |     ^^^^^^^^^^^^^^^^^^^^^^^^^^^^^^^^^^^^^^^^^^^
...
167 |     impl<P: PluginGroup> Plugins<PluginGroupMarker> for P {
    |     ^^^^^^^^^^^^^^^^^^^^^^^^^^^^^^^^^^^^^^^^^^^^^^^^^^^^^
    = note: perhaps two different versions of crate `bevy_app` are being used?
note: there are multiple different versions of crate `bevy_app` in the dependency graph
   --> C:\Users\Trinity\.cargo\registry\src\index.crates.io-1949cf8c6b5b557f\bevy_app-0.13.2\src\plugin.rs:123:5
    |
123 |       pub trait Plugins<Marker> {
    |       ^^^^^^^^^^^^^^^^^^^^^^^^^ this is the required trait
    |
   ::: crates\ask_pete_server\src\domain\game_logic.rs:1:5
    |
  1 |   use bevy::prelude::*;
    |       ---- one version of crate `bevy_app` used here, as a dependency of crate `bevy_internal`
    |
   ::: crates\ask_pete_server\src\main.rs:55:5
    |
 55 |   use bevy_yarnspinner::prelude::*;
    |       ---------------- one version of crate `bevy_app` used here, as a dependency of crate `bevy_internal`
    |
   ::: C:\Users\Trinity\.cargo\registry\src\index.crates.io-1949cf8c6b5b557f\bevy_yarnspinner-0.3.1\src\plugin.rs:33:1
    |
 33 |   pub struct YarnSpinnerPlugin {
    |   ---------------------------- this type doesn't implement the required trait
    |
   ::: C:\Users\Trinity\.cargo\registry\src\index.crates.io-1949cf8c6b5b557f\bevy_app-0.14.2\src\app.rs:26:1
    |
 26 | / bevy_ecs::define_label!(
 27 | |     /// A strongly-typed class of labels used to identify an [`App`].
 28 | |     AppLabel,
 29 | |     APP_LABEL_INTERNER
 30 | | );
    | |_- this is the found trait
    = help: you can use `cargo tree` to explore your dependency tree
    = note: required for `bevy_yarnspinner::prelude::YarnSpinnerPlugin` to implement `Plugins<_>`
note: required by a bound in `bevy::prelude::App::add_plugins`
   --> C:\Users\Trinity\.cargo\registry\src\index.crates.io-1949cf8c6b5b557f\bevy_app-0.13.2\src\app.rs:747:52
    |
747 |     pub fn add_plugins<M>(&mut self, plugins: impl Plugins<M>) -> &mut Self {
    |                                                    ^^^^^^^^^^ required by this bound in `App::add_plugins`

error[E0599]: no method named `world_mut` found for struct `bevy::prelude::App` in the current scope
   --> crates\ask_pete_server\src\main.rs:144:9
    |
144 |     app.world_mut().spawn(LocomotiveBundle {
    |         ^^^^^^^^^ method not found in `bevy::prelude::App`

error[E0308]: mismatched types
   --> crates\ask_pete_server\src\main.rs:160:28
    |
160 |             learned_vocab: simulated_player.learned_vocab,
    |                            ^^^^^^^^^^^^^^^^^^^^^^^^^^^^^^ expected `Vec<String>`, found `HashSet<String>`
    |
    = note: expected struct `std::vec::Vec<std::string::String>`
               found struct `std::collections::HashSet<std::string::String>`

error[E0277]: `std::result::Result<ConfFile, LeptosConfigError>` is not a future
   --> crates\ask_pete_server\src\main.rs:278:40
    |
278 |     let conf = get_configuration(None).await.unwrap();
    |                ----------------------- ^^^^^ `std::result::Result<ConfFile, LeptosConfigError>` is not a future
    |                |
    |                this call returns `std::result::Result<ConfFile, LeptosConfigError>`
    |
    = help: the trait `futures_util::Future` is not implemented for `std::result::Result<ConfFile, LeptosConfigError>`
    = note: std::result::Result<ConfFile, LeptosConfigError> must be a future or must implement `IntoFuture` to be awaited
    = note: required for `std::result::Result<ConfFile, LeptosConfigError>` to implement `std::future::IntoFuture`
help: remove the `.await`
    |
278 -     let conf = get_configuration(None).await.unwrap();
278 +     let conf = get_configuration(None).unwrap();
    |

error[E0061]: this function takes 0 arguments but 1 argument was supplied
   --> crates\ask_pete_server\src\main.rs:343:9
    |
343 |         infra_ai::antigravity::AntigravityClient::new("ask-pete-dev".to_string());
    |         ^^^^^^^^^^^^^^^^^^^^^^^^^^^^^^^^^^^^^^^^^^^^^ -------------------------- unexpected argument of type `std::string::String`
    |
note: associated function defined here
   --> C:\Users\Trinity\Documents\daydream\Ask_Pete\crates\ask_pete_ai\src\antigravity\mod.rs:7:12
    |
  7 |     pub fn new() -> Self {
    |            ^^^
help: remove the extra argument
    |
343 -         infra_ai::antigravity::AntigravityClient::new("ask-pete-dev".to_string());
343 +         infra_ai::antigravity::AntigravityClient::new();
    |

error[E0282]: type annotations needed
   --> crates\ask_pete_server\src\main.rs:348:56
    |
348 |         socratic_engine_instance.set_local_model(model.clone());
    |                                                        ^^^^^ cannot infer type

error[E0282]: type annotations needed
   --> crates\ask_pete_server\src\main.rs:402:82
    |
402 |                 crate::handlers::weigh_station::WeighStation::new(db_pool, model.clone()),
    |                                                                                  ^^^^^ cannot infer type

error[E0560]: struct `AppState` has no field named `quest_command_inbox`
   --> crates\ask_pete_server\src\main.rs:431:9
    |
431 |         quest_command_inbox,
    |         ^^^^^^^^^^^^^^^^^^^ `AppState` does not have this field
    |
    = note: all struct fields are already assigned

Some errors have detailed explanations: E0061, E0277, E0282, E0308, E0412, E0425, E0432, E0433, E0560...
For more information about an error, try `rustc --explain E0061`.
error: could not compile `ask_pete_server` (bin "ask_pete_server") due to 25 previous errors
warning: build failed, waiting for other jobs to finish...
error: error communicating with database: No connection could be made because the target machine actively refused it. (os error 10061)
  --> crates\ask_pete_server\src\bin\seed_quests.rs:31:26
   |
31 |             let exists = sqlx::query!("SELECT id FROM story_graphs WHERE title = $1", title)
   |                          ^^^^^^^^^^^^^^^^^^^^^^^^^^^^^^^^^^^^^^^^^^^^^^^^^^^^^^^^^^^^^^^^^^^
   |
   = note: this error originates in the macro `$crate::sqlx_macros::expand_query` which comes from the expansion of the macro `sqlx::query` (in Nightly builds, run with -Z macro-backtrace for more info)

error: error communicating with database: No connection could be made because the target machine actively refused it. (os error 10061)
  --> crates\ask_pete_server\src\bin\seed_quests.rs:41:13
   |
41 | /             sqlx::query!(
42 | |                 r#"
43 | |                 INSERT INTO story_graphs (title, author_id, graph_data)
44 | |                 VALUES ($1, $2, $3)
...  |
48 | |                 quest_data
49 | |             )
   | |_____________^
   |
   = note: this error originates in the macro `$crate::sqlx_macros::expand_query` which comes from the expansion of the macro `sqlx::query` (in Nightly builds, run with -Z macro-backtrace for more info)

error: could not compile `ask_pete_server` (bin "seed_quests") due to 2 previous errors
